Arguments: 
  /usr/local/bin/node /usr/local/Cellar/yarn/1.3.2/libexec/bin/yarn.js init

PATH: 
  /usr/local/Cellar/mongodb/3.4.2/bin/:/Users/luosiwei/develop/play-1.4.4/:/usr/local/bin:/usr/bin:/bin:/usr/sbin:/sbin:/Users/luosiwei/userBin:/usr/local/share/dotnet:/usr/local/Cellar/mongodb/3.4.2/bin/:/Users/luosiwei/develop/play-1.4.4/:/Library/Java/JavaVirtualMachines/jdk1.8.0_121.jdk/Contents/Home/bin:/usr/local/opt/coreutils/libexec/gnubin:/usr/local/sbin:/Users/luosiwei/opt/mule-standalone-3.4.0/bin:/Users/luosiwei/bin:/Users/luosiwei/develop/play-1.4.4:/Users/luosiwei/opt/activator-1.2.10:/tools:/platform-tools:/Users/luosiwei/.cabal/bin:/Users/luosiwei/.rvm/bin:/Users/luosiwei/opt/go/bin:/usr/local/sbin

Yarn version: 
  1.3.2

Node version: 
  9.2.0

Platform: 
  darwin x64

npm manifest: 
  No manifest

yarn manifest: 
  No manifest

Lockfile: 
  No lockfile

Trace: 
  Error: canceled
      at Interface.<anonymous> (/usr/local/Cellar/yarn/1.3.2/libexec/lib/cli.js:121045:13)
      at Interface.emit (events.js:159:13)
      at Interface._ttyWrite (readline.js:786:16)
      at ReadStream.onkeypress (readline.js:165:10)
      at ReadStream.emit (events.js:159:13)
      at emitKeys (internal/readline.js:420:14)
      at emitKeys.next (<anonymous>)
      at ReadStream.onData (readline.js:1022:36)
      at ReadStream.emit (events.js:159:13)
      at addChunk (_stream_readable.js:265:12)
